{"/Users/Tom1/Desktop/SDC1/QuestionandAnswer/QuestionAnswer-Test/answersPerQuestion.js": {"path":"/Users/Tom1/Desktop/SDC1/QuestionandAnswer/QuestionAnswer-Test/answersPerQuestion.js","statementMap":{"0":{"start":{"line":1,"column":25},"end":{"line":47,"column":1}}},"fnMap":{},"branchMap":{},"s":{"0":1},"f":{},"b":{},"_coverageSchema":"1a1c01bbd47fc00a2c39e90264f33305004495a9","hash":"ffc8b1a9699ae0f1e70162bd4decc5150086830c"}
,"/Users/Tom1/Desktop/SDC1/QuestionandAnswer/QuestionAnswer-Test/listquestionsexample.js": {"path":"/Users/Tom1/Desktop/SDC1/QuestionandAnswer/QuestionAnswer-Test/listquestionsexample.js","statementMap":{"0":{"start":{"line":4,"column":20},"end":{"line":167,"column":1}}},"fnMap":{},"branchMap":{},"s":{"0":1},"f":{},"b":{},"_coverageSchema":"1a1c01bbd47fc00a2c39e90264f33305004495a9","hash":"053d3294cf6b79b0fefe0ab477fa607edf32337c"}
,"/Users/Tom1/Desktop/SDC1/QuestionandAnswer/QuestionAnswer-Test/questionsPerProduct.js": {"path":"/Users/Tom1/Desktop/SDC1/QuestionandAnswer/QuestionAnswer-Test/questionsPerProduct.js","statementMap":{"0":{"start":{"line":1,"column":26},"end":{"line":87,"column":1}}},"fnMap":{},"branchMap":{},"s":{"0":1},"f":{},"b":{},"_coverageSchema":"1a1c01bbd47fc00a2c39e90264f33305004495a9","hash":"add143847292ec4850a363a647cee940c0f50b02"}
}
